<?xml version="1.0" encoding="UTF-8"?>
<!-- Generated by org.testng.reporters.JUnitReportReporter -->
<testsuite skipped="0" hostname="DESKTOP-J2SCCJC" name="com.functionalautomation.testcases.HomePageElementPresent" tests="1" failures="0" timestamp="28 Mar 2019 17:30:47 GMT" time="0.458" errors="0">
  <testcase name="elementPresentVerification" time="0.458" classname="com.functionalautomation.testcases.HomePageElementPresent"/>
</testsuite> <!-- com.functionalautomation.testcases.HomePageElementPresent -->
