<?xml version="1.0" encoding="UTF-8"?>
<!-- Generated by org.testng.reporters.JUnitReportReporter -->
<testsuite skipped="0" hostname="DESKTOP-J2SCCJC" name="com.functionalautomation.testcases.LogInverification" tests="3" failures="0" timestamp="02 Apr 2019 04:00:14 GMT" time="4.519" errors="0">
  <testcase name="loginVerification" time="1.427" classname="com.functionalautomation.testcases.LogInverification"/>
  <testcase name="loginVerification" time="1.715" classname="com.functionalautomation.testcases.LogInverification"/>
  <testcase name="loginVerification" time="1.377" classname="com.functionalautomation.testcases.LogInverification"/>
</testsuite> <!-- com.functionalautomation.testcases.LogInverification -->
