<?xml version="1.0" encoding="UTF-8"?>
<!-- Generated by org.testng.reporters.JUnitReportReporter -->
<testsuite skipped="0" hostname="DESKTOP-J2SCCJC" name="com.functionalautomation.testcases.HomePageElementPresent" tests="1" failures="0" timestamp="15 Mar 2019 20:37:54 GMT" time="9.726" errors="0">
  <testcase name="elementPresentVerification" time="9.726" classname="com.functionalautomation.testcases.HomePageElementPresent"/>
</testsuite> <!-- com.functionalautomation.testcases.HomePageElementPresent -->
